--- Copying files at Wed Mar  5 12:18:43 UTC 2025
--- Copied files finished at Wed Mar  5 12:18:43 UTC 2025
--- Copying files at Wed Mar  5 15:13:29 UTC 2025
--- Copied files finished at Wed Mar  5 15:13:29 UTC 2025
--- Copying files at Wed Mar  5 15:16:49 UTC 2025
--- Copied files finished at Wed Mar  5 15:16:49 UTC 2025
--- Copying files at Wed Mar  5 15:22:18 UTC 2025
--- Copied files finished at Wed Mar  5 15:22:18 UTC 2025
--- Copying files at Thu Mar  6 11:09:40 UTC 2025
--- Copied files finished at Thu Mar  6 11:09:40 UTC 2025
--- Copying files at Thu Mar  6 11:13:03 UTC 2025
--- Copied files finished at Thu Mar  6 11:13:04 UTC 2025
--- Copying files at Thu Mar  6 11:46:08 UTC 2025
--- Copied files finished at Thu Mar  6 11:46:08 UTC 2025
--- Copying files at Thu Mar  6 11:55:16 UTC 2025
--- Copied files finished at Thu Mar  6 11:55:16 UTC 2025
--- Copying files at Thu Mar  6 11:58:12 UTC 2025
--- Copied files finished at Thu Mar  6 11:58:12 UTC 2025
--- Copying files at Thu Mar  6 12:04:53 UTC 2025
--- Copied files finished at Thu Mar  6 12:04:53 UTC 2025
--- Copying files at Thu Mar  6 12:07:14 UTC 2025
--- Copied files finished at Thu Mar  6 12:07:14 UTC 2025
--- Copying files at Thu Mar  6 14:32:14 UTC 2025
--- Copied files finished at Thu Mar  6 14:32:14 UTC 2025
--- Copying files at Thu Mar  6 14:43:55 UTC 2025
--- Copied files finished at Thu Mar  6 14:43:55 UTC 2025
--- Copying files at Sun Mar  9 13:16:25 UTC 2025
--- Copied files finished at Sun Mar  9 13:16:25 UTC 2025
--- Copying files at Sun Mar  9 13:30:09 UTC 2025
--- Copied files finished at Sun Mar  9 13:30:09 UTC 2025
--- Copying files at Mon Mar 10 12:18:35 UTC 2025
--- Copied files finished at Mon Mar 10 12:18:35 UTC 2025
--- Copying files at Mon Mar 10 12:25:16 UTC 2025
--- Copied files finished at Mon Mar 10 12:25:17 UTC 2025
